The system is: Windows - 10.0.18363 - AMD64
Compiling the C compiler identification source file "CMakeCCompilerId.c" succeeded.
Compiler: C:/Program Files (x86)/Microsoft Visual Studio/2019/Community/VC/Tools/MSVC/14.27.29110/bin/Hostx64/x64/cl.exe 
Build flags: 
Id flags:  

The output was:
0
Microsoft (R) C/C++ Optimizing Compiler Version 19.27.29111 for x64
Copyright (C) Microsoft Corporation.  All rights reserved.

CMakeCCompilerId.c
Microsoft (R) Incremental Linker Version 14.27.29111.0
Copyright (C) Microsoft Corporation.  All rights reserved.

/out:CMakeCCompilerId.exe 
CMakeCCompilerId.obj 


Compilation of the C compiler identification source "CMakeCCompilerId.c" produced "CMakeCCompilerId.exe"

Compilation of the C compiler identification source "CMakeCCompilerId.c" produced "CMakeCCompilerId.obj"

The C compiler identification is MSVC, found in "C:/Users/zoes_/OneDrive/Υπολογιστής/IglTesting/eigen/out/build/x64-Debug (default)/CMakeFiles/3.17.20032601-MSVC_2/CompilerIdC/CMakeCCompilerId.exe"

Compiling the CXX compiler identification source file "CMakeCXXCompilerId.cpp" succeeded.
Compiler: C:/Program Files (x86)/Microsoft Visual Studio/2019/Community/VC/Tools/MSVC/14.27.29110/bin/Hostx64/x64/cl.exe 
Build flags: 
Id flags:  

The output was:
0
Microsoft (R) C/C++ Optimizing Compiler Version 19.27.29111 for x64
Copyright (C) Microsoft Corporation.  All rights reserved.

CMakeCXXCompilerId.cpp
Microsoft (R) Incremental Linker Version 14.27.29111.0
Copyright (C) Microsoft Corporation.  All rights reserved.

/out:CMakeCXXCompilerId.exe 
CMakeCXXCompilerId.obj 


Compilation of the CXX compiler identification source "CMakeCXXCompilerId.cpp" produced "CMakeCXXCompilerId.exe"

Compilation of the CXX compiler identification source "CMakeCXXCompilerId.cpp" produced "CMakeCXXCompilerId.obj"

The CXX compiler identification is MSVC, found in "C:/Users/zoes_/OneDrive/Υπολογιστής/IglTesting/eigen/out/build/x64-Debug (default)/CMakeFiles/3.17.20032601-MSVC_2/CompilerIdCXX/CMakeCXXCompilerId.exe"

Determining if the C compiler works passed with the following output:
Change Dir: C:/Users/zoes_/OneDrive/Υπολογιστής/IglTesting/eigen/out/build/x64-Debug (default)/CMakeFiles/CMakeTmp

Run Build Command(s):C:/Program Files (x86)/Microsoft Visual Studio/2019/Community/Common7/IDE/CommonExtensions/Microsoft/CMake/Ninja/ninja.exe cmTC_6ae70 && [1/2] Building C object CMakeFiles\cmTC_6ae70.dir\testCCompiler.c.obj
[2/2] Linking C executable cmTC_6ae70.exe



Detecting C compiler ABI info compiled with the following output:
Change Dir: C:/Users/zoes_/OneDrive/Υπολογιστής/IglTesting/eigen/out/build/x64-Debug (default)/CMakeFiles/CMakeTmp

Run Build Command(s):C:/Program Files (x86)/Microsoft Visual Studio/2019/Community/Common7/IDE/CommonExtensions/Microsoft/CMake/Ninja/ninja.exe cmTC_e4bf5 && [1/2] Building C object CMakeFiles\cmTC_e4bf5.dir\CMakeCCompilerABI.c.obj
[2/2] Linking C executable cmTC_e4bf5.exe



Determining if the CXX compiler works passed with the following output:
Change Dir: C:/Users/zoes_/OneDrive/Υπολογιστής/IglTesting/eigen/out/build/x64-Debug (default)/CMakeFiles/CMakeTmp

Run Build Command(s):C:/Program Files (x86)/Microsoft Visual Studio/2019/Community/Common7/IDE/CommonExtensions/Microsoft/CMake/Ninja/ninja.exe cmTC_92b1e && [1/2] Building CXX object CMakeFiles\cmTC_92b1e.dir\testCXXCompiler.cxx.obj
[2/2] Linking CXX executable cmTC_92b1e.exe



Detecting CXX compiler ABI info compiled with the following output:
Change Dir: C:/Users/zoes_/OneDrive/Υπολογιστής/IglTesting/eigen/out/build/x64-Debug (default)/CMakeFiles/CMakeTmp

Run Build Command(s):C:/Program Files (x86)/Microsoft Visual Studio/2019/Community/Common7/IDE/CommonExtensions/Microsoft/CMake/Ninja/ninja.exe cmTC_a57f7 && [1/2] Building CXX object CMakeFiles\cmTC_a57f7.dir\CMakeCXXCompilerABI.cpp.obj
[2/2] Linking CXX executable cmTC_a57f7.exe



Performing C++ SOURCE FILE Test standard_math_library_linked_to_automatically succeeded with the following output:
Change Dir: C:/Users/zoes_/OneDrive/Υπολογιστής/IglTesting/eigen/out/build/x64-Debug (default)/CMakeFiles/CMakeTmp

Run Build Command(s):C:/Program Files (x86)/Microsoft Visual Studio/2019/Community/Common7/IDE/CommonExtensions/Microsoft/CMake/Ninja/ninja.exe cmTC_cc0b1 && [1/2] Building CXX object CMakeFiles\cmTC_cc0b1.dir\src.cxx.obj
src.cxx(2): warning C4834: discarding return value of function with 'nodiscard' attribute
[2/2] Linking CXX executable cmTC_cc0b1.exe


Source file was:
#include<cmath>
int main() { std::sin(0.0); std::log(0.0f); }
Performing C++ SOURCE FILE Test COMPILER_SUPPORT_OPENMP succeeded with the following output:
Change Dir: C:/Users/zoes_/OneDrive/Υπολογιστής/IglTesting/eigen/out/build/x64-Debug (default)/CMakeFiles/CMakeTmp

Run Build Command(s):C:/Program Files (x86)/Microsoft Visual Studio/2019/Community/Common7/IDE/CommonExtensions/Microsoft/CMake/Ninja/ninja.exe cmTC_0630b && [1/2] Building CXX object CMakeFiles\cmTC_0630b.dir\src.cxx.obj
[2/2] Linking CXX executable cmTC_0630b.exe


Source file was:
int main() { return 0; }
Performing C++ SOURCE FILE Test COMPILER_SUPPORT_FPFAST succeeded with the following output:
Change Dir: C:/Users/zoes_/OneDrive/Υπολογιστής/IglTesting/eigen/out/build/x64-Debug (default)/CMakeFiles/CMakeTmp

Run Build Command(s):C:/Program Files (x86)/Microsoft Visual Studio/2019/Community/Common7/IDE/CommonExtensions/Microsoft/CMake/Ninja/ninja.exe cmTC_f766b && [1/2] Building CXX object CMakeFiles\cmTC_f766b.dir\src.cxx.obj
[2/2] Linking CXX executable cmTC_f766b.exe


Source file was:
int main() { return 0; }
